2020-08-07 10:59:14,899 INFO o.a.j.u.JMeterUtils: Setting Locale to en_NL
2020-08-07 10:59:14,936 INFO o.a.j.JMeter: Loading user properties from: user.properties
2020-08-07 10:59:14,948 INFO o.a.j.JMeter: Loading system properties from: system.properties
2020-08-07 10:59:14,950 INFO o.a.j.JMeter: Copyright (c) 1998-2020 The Apache Software Foundation
2020-08-07 10:59:14,950 INFO o.a.j.JMeter: Version 5.3
2020-08-07 10:59:14,950 INFO o.a.j.JMeter: java.version=1.8.0_162
2020-08-07 10:59:14,950 INFO o.a.j.JMeter: java.vm.name=Java HotSpot(TM) 64-Bit Server VM
2020-08-07 10:59:14,950 INFO o.a.j.JMeter: os.name=Mac OS X
2020-08-07 10:59:14,950 INFO o.a.j.JMeter: os.arch=x86_64
2020-08-07 10:59:14,950 INFO o.a.j.JMeter: os.version=10.15.5
2020-08-07 10:59:14,950 INFO o.a.j.JMeter: file.encoding=UTF-8
2020-08-07 10:59:14,950 INFO o.a.j.JMeter: java.awt.headless=null
2020-08-07 10:59:14,950 INFO o.a.j.JMeter: Max memory     =3817865216
2020-08-07 10:59:14,950 INFO o.a.j.JMeter: Available Processors =8
2020-08-07 10:59:14,954 INFO o.a.j.JMeter: Default Locale=English (Netherlands)
2020-08-07 10:59:14,955 INFO o.a.j.JMeter: JMeter  Locale=English (Netherlands)
2020-08-07 10:59:14,955 INFO o.a.j.JMeter: JMeterHome=/Users/mderu/projects/starship-astra/apache-jmeter-5.3
2020-08-07 10:59:14,955 INFO o.a.j.JMeter: user.dir  =/Users/mderu/projects/starship-astra/apache-jmeter-5.3/bin
2020-08-07 10:59:14,955 INFO o.a.j.JMeter: PWD       =/Users/mderu/projects/starship-astra/apache-jmeter-5.3/bin
2020-08-07 10:59:14,957 INFO o.a.j.JMeter: IP: 127.0.0.1 Name: MacPro-4602 FullName: localhost
2020-08-07 10:59:15,562 INFO o.a.j.JMeter: Setting LAF to: com.github.weisj.darklaf.DarkLaf:com.github.weisj.darklaf.theme.DarculaTheme
2020-08-07 10:59:17,028 INFO o.a.j.JMeter: Loaded icon properties from org/apache/jmeter/images/icon.properties
2020-08-07 10:59:23,894 INFO o.a.j.s.FileServer: Default base='/Users/mderu/projects/starship-astra/apache-jmeter-5.3/bin'
2020-08-07 10:59:23,900 INFO o.a.j.g.a.Load: Loading file: /Users/mderu/projects/starship-astra/apache-jmeter-5.3/Oxygen Filter Simulation.jmx
2020-08-07 10:59:23,901 INFO o.a.j.s.FileServer: Set new base='/Users/mderu/projects/starship-astra/apache-jmeter-5.3'
2020-08-07 10:59:24,032 INFO o.a.j.s.SaveService: Testplan (JMX) version: 2.2. Testlog (JTL) version: 2.2
2020-08-07 10:59:24,059 INFO o.a.j.s.SaveService: Using SaveService properties file encoding UTF-8
2020-08-07 10:59:24,061 INFO o.a.j.s.SaveService: Using SaveService properties version 5.0
2020-08-07 10:59:24,063 INFO o.a.j.s.SaveService: Loading file: /Users/mderu/projects/starship-astra/apache-jmeter-5.3/Oxygen Filter Simulation.jmx
2020-08-07 10:59:24,099 INFO o.a.j.p.h.s.HTTPSamplerBase: Parser for text/html is org.apache.jmeter.protocol.http.parser.LagartoBasedHtmlParser
2020-08-07 10:59:24,099 INFO o.a.j.p.h.s.HTTPSamplerBase: Parser for application/xhtml+xml is org.apache.jmeter.protocol.http.parser.LagartoBasedHtmlParser
2020-08-07 10:59:24,099 INFO o.a.j.p.h.s.HTTPSamplerBase: Parser for application/xml is org.apache.jmeter.protocol.http.parser.LagartoBasedHtmlParser
2020-08-07 10:59:24,100 INFO o.a.j.p.h.s.HTTPSamplerBase: Parser for text/xml is org.apache.jmeter.protocol.http.parser.LagartoBasedHtmlParser
2020-08-07 10:59:24,100 INFO o.a.j.p.h.s.HTTPSamplerBase: Parser for text/vnd.wap.wml is org.apache.jmeter.protocol.http.parser.RegexpHTMLParser
2020-08-07 10:59:24,100 INFO o.a.j.p.h.s.HTTPSamplerBase: Parser for text/css is org.apache.jmeter.protocol.http.parser.CssParser
2020-08-07 10:59:24,277 INFO o.a.j.s.SampleResult: Note: Sample TimeStamps are START times
2020-08-07 10:59:24,278 INFO o.a.j.s.SampleResult: sampleresult.default.encoding is set to ISO-8859-1
2020-08-07 10:59:24,278 INFO o.a.j.s.SampleResult: sampleresult.useNanoTime=true
2020-08-07 10:59:24,278 INFO o.a.j.s.SampleResult: sampleresult.nanoThreadSleep=5000
2020-08-07 10:59:24,576 INFO o.a.j.s.FileServer: Set new base='/Users/mderu/projects/starship-astra/apache-jmeter-5.3'
2020-08-07 11:00:05,736 INFO o.a.j.e.StandardJMeterEngine: Running the test!
2020-08-07 11:00:05,737 INFO o.a.j.s.SampleEvent: List of sample_variables: []
2020-08-07 11:00:05,738 INFO o.a.j.s.SampleEvent: List of sample_variables: []
2020-08-07 11:00:05,739 INFO o.a.j.e.u.CompoundVariable: Note: Function class names must contain the string: '.functions.'
2020-08-07 11:00:05,739 INFO o.a.j.e.u.CompoundVariable: Note: Function class names must not contain the string: '.gui.'
2020-08-07 11:00:06,006 INFO o.a.j.g.u.JMeterMenuBar: setRunning(true, *local*)
2020-08-07 11:00:06,159 INFO o.a.j.e.StandardJMeterEngine: Starting ThreadGroup: 1 : Starship Enterprise - Life Support Systems
2020-08-07 11:00:06,160 INFO o.a.j.e.StandardJMeterEngine: Starting 1 threads for group Starship Enterprise - Life Support Systems.
2020-08-07 11:00:06,160 INFO o.a.j.e.StandardJMeterEngine: Thread will continue on error
2020-08-07 11:00:06,161 INFO o.a.j.t.ThreadGroup: Starting thread group... number=1 threads=1 ramp-up=1 delayedStart=false
2020-08-07 11:00:06,165 INFO o.a.j.t.ThreadGroup: Started thread group number 1
2020-08-07 11:00:06,165 INFO o.a.j.e.StandardJMeterEngine: All thread groups have been started
2020-08-07 11:00:06,166 INFO o.a.j.t.JMeterThread: Thread started: Starship Enterprise - Life Support Systems 1-1
2020-08-07 11:00:06,179 INFO o.a.j.p.h.s.HTTPHCAbstractImpl: Local host = MacPro-4602
2020-08-07 11:00:06,187 INFO o.a.j.p.h.s.HTTPHC4Impl: HTTP request retry count = 0
2020-08-07 11:00:06,328 INFO o.a.j.p.h.s.h.LazyLayeredConnectionSocketFactory: Setting up HTTPS TrustAll Socket Factory
2020-08-07 11:00:06,332 INFO o.a.j.u.JsseSSLManager: Using default SSL protocol: TLS
2020-08-07 11:00:06,333 INFO o.a.j.u.JsseSSLManager: SSL session context: per-thread
2020-08-07 11:00:06,555 INFO o.a.j.u.SSLManager: JmeterKeyStore Location:  type JKS
2020-08-07 11:00:06,556 INFO o.a.j.u.SSLManager: KeyStore created OK
2020-08-07 11:00:06,556 WARN o.a.j.u.SSLManager: Keystore file not found, loading empty keystore
2020-08-07 11:00:15,200 INFO o.a.j.t.JMeterThread: Thread is done: Starship Enterprise - Life Support Systems 1-1
2020-08-07 11:00:15,200 INFO o.a.j.t.JMeterThread: Thread finished: Starship Enterprise - Life Support Systems 1-1
2020-08-07 11:00:15,203 INFO o.a.j.e.StandardJMeterEngine: Notifying test listeners of end of test
2020-08-07 11:00:15,204 INFO o.a.j.g.u.JMeterMenuBar: setRunning(false, *local*)
2020-08-07 11:55:13,839 INFO o.a.j.e.StandardJMeterEngine: Running the test!
2020-08-07 11:55:13,840 INFO o.a.j.s.SampleEvent: List of sample_variables: []
2020-08-07 11:55:13,855 INFO o.a.j.g.u.JMeterMenuBar: setRunning(true, *local*)
2020-08-07 11:55:14,014 INFO o.a.j.e.StandardJMeterEngine: Starting ThreadGroup: 1 : Starship Enterprise - Life Support Systems
2020-08-07 11:55:14,014 INFO o.a.j.e.StandardJMeterEngine: Starting 1 threads for group Starship Enterprise - Life Support Systems.
2020-08-07 11:55:14,014 INFO o.a.j.e.StandardJMeterEngine: Thread will continue on error
2020-08-07 11:55:14,015 INFO o.a.j.t.ThreadGroup: Starting thread group... number=1 threads=1 ramp-up=1 delayedStart=false
2020-08-07 11:55:14,015 INFO o.a.j.t.ThreadGroup: Started thread group number 1
2020-08-07 11:55:14,016 INFO o.a.j.e.StandardJMeterEngine: All thread groups have been started
2020-08-07 11:55:14,017 INFO o.a.j.t.JMeterThread: Thread started: Starship Enterprise - Life Support Systems 1-1
2020-08-07 11:55:14,058 ERROR o.a.j.f.JavaScript: Error processing Javascript: [
  function getRndInteger(min]
javax.script.ScriptException: <eval>:2:28 Expected , but found eof
  function getRndInteger(min
                            ^ in <eval> at line number 2 at column number 28
	at jdk.nashorn.api.scripting.NashornScriptEngine.throwAsScriptException(NashornScriptEngine.java:470) ~[nashorn.jar:?]
	at jdk.nashorn.api.scripting.NashornScriptEngine.compileImpl(NashornScriptEngine.java:537) ~[nashorn.jar:?]
	at jdk.nashorn.api.scripting.NashornScriptEngine.compileImpl(NashornScriptEngine.java:524) ~[nashorn.jar:?]
	at jdk.nashorn.api.scripting.NashornScriptEngine.evalImpl(NashornScriptEngine.java:402) ~[nashorn.jar:?]
	at jdk.nashorn.api.scripting.NashornScriptEngine.eval(NashornScriptEngine.java:155) ~[nashorn.jar:?]
	at org.apache.jmeter.functions.JavaScript.executeWithNashorn(JavaScript.java:141) [ApacheJMeter_functions.jar:5.3]
	at org.apache.jmeter.functions.JavaScript.execute(JavaScript.java:102) [ApacheJMeter_functions.jar:5.3]
	at org.apache.jmeter.engine.util.CompoundVariable.execute(CompoundVariable.java:135) [ApacheJMeter_core.jar:5.3]
	at org.apache.jmeter.engine.util.CompoundVariable.execute(CompoundVariable.java:110) [ApacheJMeter_core.jar:5.3]
	at org.apache.jmeter.testelement.property.FunctionProperty.getStringValue(FunctionProperty.java:100) [ApacheJMeter_core.jar:5.3]
	at org.apache.jmeter.testelement.AbstractTestElement.getPropertyAsString(AbstractTestElement.java:280) [ApacheJMeter_core.jar:5.3]
	at org.apache.jmeter.config.Argument.getValue(Argument.java:145) [ApacheJMeter_core.jar:5.3]
	at org.apache.jmeter.protocol.http.util.HTTPArgument.getEncodedValue(HTTPArgument.java:249) [ApacheJMeter_http.jar:5.3]
	at org.apache.jmeter.protocol.http.util.HTTPArgument.getEncodedValue(HTTPArgument.java:230) [ApacheJMeter_http.jar:5.3]
	at org.apache.jmeter.protocol.http.sampler.HTTPHC4Impl.setupHttpEntityEnclosingRequestData(HTTPHC4Impl.java:1630) [ApacheJMeter_http.jar:5.3]
	at org.apache.jmeter.protocol.http.sampler.HTTPHC4Impl.handleMethod(HTTPHC4Impl.java:881) [ApacheJMeter_http.jar:5.3]
	at org.apache.jmeter.protocol.http.sampler.HTTPHC4Impl.sample(HTTPHC4Impl.java:636) [ApacheJMeter_http.jar:5.3]
	at org.apache.jmeter.protocol.http.sampler.HTTPSamplerProxy.sample(HTTPSamplerProxy.java:66) [ApacheJMeter_http.jar:5.3]
	at org.apache.jmeter.protocol.http.sampler.HTTPSamplerBase.sample(HTTPSamplerBase.java:1281) [ApacheJMeter_http.jar:5.3]
	at org.apache.jmeter.protocol.http.sampler.HTTPSamplerBase.sample(HTTPSamplerBase.java:1270) [ApacheJMeter_http.jar:5.3]
	at org.apache.jmeter.threads.JMeterThread.doSampling(JMeterThread.java:630) [ApacheJMeter_core.jar:5.3]
	at org.apache.jmeter.threads.JMeterThread.executeSamplePackage(JMeterThread.java:558) [ApacheJMeter_core.jar:5.3]
	at org.apache.jmeter.threads.JMeterThread.processSampler(JMeterThread.java:489) [ApacheJMeter_core.jar:5.3]
	at org.apache.jmeter.threads.JMeterThread.run(JMeterThread.java:256) [ApacheJMeter_core.jar:5.3]
	at java.lang.Thread.run(Thread.java:748) [?:1.8.0_162]
Caused by: jdk.nashorn.internal.runtime.ParserException: <eval>:2:28 Expected , but found eof
  function getRndInteger(min
                            ^
	at jdk.nashorn.internal.parser.AbstractParser.error(AbstractParser.java:294) ~[nashorn.jar:?]
	at jdk.nashorn.internal.parser.AbstractParser.error(AbstractParser.java:279) ~[nashorn.jar:?]
	at jdk.nashorn.internal.parser.AbstractParser.expectDontAdvance(AbstractParser.java:350) ~[nashorn.jar:?]
	at jdk.nashorn.internal.parser.AbstractParser.expect(AbstractParser.java:337) ~[nashorn.jar:?]
	at jdk.nashorn.internal.parser.Parser.formalParameterList(Parser.java:2829) ~[nashorn.jar:?]
	at jdk.nashorn.internal.parser.Parser.formalParameterList(Parser.java:2804) ~[nashorn.jar:?]
	at jdk.nashorn.internal.parser.Parser.functionExpression(Parser.java:2655) ~[nashorn.jar:?]
	at jdk.nashorn.internal.parser.Parser.statement(Parser.java:875) ~[nashorn.jar:?]
	at jdk.nashorn.internal.parser.Parser.sourceElements(Parser.java:773) ~[nashorn.jar:?]
	at jdk.nashorn.internal.parser.Parser.program(Parser.java:709) ~[nashorn.jar:?]
	at jdk.nashorn.internal.parser.Parser.parse(Parser.java:283) ~[nashorn.jar:?]
	at jdk.nashorn.internal.parser.Parser.parse(Parser.java:249) ~[nashorn.jar:?]
	at jdk.nashorn.internal.runtime.Context.compile(Context.java:1284) ~[nashorn.jar:?]
	at jdk.nashorn.internal.runtime.Context.compileScript(Context.java:1251) ~[nashorn.jar:?]
	at jdk.nashorn.internal.runtime.Context.compileScript(Context.java:627) ~[nashorn.jar:?]
	at jdk.nashorn.api.scripting.NashornScriptEngine.compileImpl(NashornScriptEngine.java:535) ~[nashorn.jar:?]
	... 23 more
2020-08-07 11:55:15,031 ERROR o.a.j.f.JavaScript: Error processing Javascript: [
  function getRndInteger(min]
javax.script.ScriptException: <eval>:2:28 Expected , but found eof
  function getRndInteger(min
                            ^ in <eval> at line number 2 at column number 28
	at jdk.nashorn.api.scripting.NashornScriptEngine.throwAsScriptException(NashornScriptEngine.java:470) ~[nashorn.jar:?]
	at jdk.nashorn.api.scripting.NashornScriptEngine.compileImpl(NashornScriptEngine.java:537) ~[nashorn.jar:?]
	at jdk.nashorn.api.scripting.NashornScriptEngine.compileImpl(NashornScriptEngine.java:524) ~[nashorn.jar:?]
	at jdk.nashorn.api.scripting.NashornScriptEngine.evalImpl(NashornScriptEngine.java:402) ~[nashorn.jar:?]
	at jdk.nashorn.api.scripting.NashornScriptEngine.eval(NashornScriptEngine.java:155) ~[nashorn.jar:?]
	at org.apache.jmeter.functions.JavaScript.executeWithNashorn(JavaScript.java:141) [ApacheJMeter_functions.jar:5.3]
	at org.apache.jmeter.functions.JavaScript.execute(JavaScript.java:102) [ApacheJMeter_functions.jar:5.3]
	at org.apache.jmeter.engine.util.CompoundVariable.execute(CompoundVariable.java:135) [ApacheJMeter_core.jar:5.3]
	at org.apache.jmeter.engine.util.CompoundVariable.execute(CompoundVariable.java:110) [ApacheJMeter_core.jar:5.3]
	at org.apache.jmeter.testelement.property.FunctionProperty.getStringValue(FunctionProperty.java:100) [ApacheJMeter_core.jar:5.3]
	at org.apache.jmeter.testelement.AbstractTestElement.getPropertyAsString(AbstractTestElement.java:280) [ApacheJMeter_core.jar:5.3]
	at org.apache.jmeter.config.Argument.getValue(Argument.java:145) [ApacheJMeter_core.jar:5.3]
	at org.apache.jmeter.protocol.http.util.HTTPArgument.getEncodedValue(HTTPArgument.java:249) [ApacheJMeter_http.jar:5.3]
	at org.apache.jmeter.protocol.http.util.HTTPArgument.getEncodedValue(HTTPArgument.java:230) [ApacheJMeter_http.jar:5.3]
	at org.apache.jmeter.protocol.http.sampler.HTTPHC4Impl.setupHttpEntityEnclosingRequestData(HTTPHC4Impl.java:1630) [ApacheJMeter_http.jar:5.3]
	at org.apache.jmeter.protocol.http.sampler.HTTPHC4Impl.handleMethod(HTTPHC4Impl.java:881) [ApacheJMeter_http.jar:5.3]
	at org.apache.jmeter.protocol.http.sampler.HTTPHC4Impl.sample(HTTPHC4Impl.java:636) [ApacheJMeter_http.jar:5.3]
	at org.apache.jmeter.protocol.http.sampler.HTTPSamplerProxy.sample(HTTPSamplerProxy.java:66) [ApacheJMeter_http.jar:5.3]
	at org.apache.jmeter.protocol.http.sampler.HTTPSamplerBase.sample(HTTPSamplerBase.java:1281) [ApacheJMeter_http.jar:5.3]
	at org.apache.jmeter.protocol.http.sampler.HTTPSamplerBase.sample(HTTPSamplerBase.java:1270) [ApacheJMeter_http.jar:5.3]
	at org.apache.jmeter.threads.JMeterThread.doSampling(JMeterThread.java:630) [ApacheJMeter_core.jar:5.3]
	at org.apache.jmeter.threads.JMeterThread.executeSamplePackage(JMeterThread.java:558) [ApacheJMeter_core.jar:5.3]
	at org.apache.jmeter.threads.JMeterThread.processSampler(JMeterThread.java:489) [ApacheJMeter_core.jar:5.3]
	at org.apache.jmeter.threads.JMeterThread.run(JMeterThread.java:256) [ApacheJMeter_core.jar:5.3]
	at java.lang.Thread.run(Thread.java:748) [?:1.8.0_162]
Caused by: jdk.nashorn.internal.runtime.ParserException: <eval>:2:28 Expected , but found eof
  function getRndInteger(min
                            ^
	at jdk.nashorn.internal.parser.AbstractParser.error(AbstractParser.java:294) ~[nashorn.jar:?]
	at jdk.nashorn.internal.parser.AbstractParser.error(AbstractParser.java:279) ~[nashorn.jar:?]
	at jdk.nashorn.internal.parser.AbstractParser.expectDontAdvance(AbstractParser.java:350) ~[nashorn.jar:?]
	at jdk.nashorn.internal.parser.AbstractParser.expect(AbstractParser.java:337) ~[nashorn.jar:?]
	at jdk.nashorn.internal.parser.Parser.formalParameterList(Parser.java:2829) ~[nashorn.jar:?]
	at jdk.nashorn.internal.parser.Parser.formalParameterList(Parser.java:2804) ~[nashorn.jar:?]
	at jdk.nashorn.internal.parser.Parser.functionExpression(Parser.java:2655) ~[nashorn.jar:?]
	at jdk.nashorn.internal.parser.Parser.statement(Parser.java:875) ~[nashorn.jar:?]
	at jdk.nashorn.internal.parser.Parser.sourceElements(Parser.java:773) ~[nashorn.jar:?]
	at jdk.nashorn.internal.parser.Parser.program(Parser.java:709) ~[nashorn.jar:?]
	at jdk.nashorn.internal.parser.Parser.parse(Parser.java:283) ~[nashorn.jar:?]
	at jdk.nashorn.internal.parser.Parser.parse(Parser.java:249) ~[nashorn.jar:?]
	at jdk.nashorn.internal.runtime.Context.compile(Context.java:1284) ~[nashorn.jar:?]
	at jdk.nashorn.internal.runtime.Context.compileScript(Context.java:1251) ~[nashorn.jar:?]
	at jdk.nashorn.internal.runtime.Context.compileScript(Context.java:627) ~[nashorn.jar:?]
	at jdk.nashorn.api.scripting.NashornScriptEngine.compileImpl(NashornScriptEngine.java:535) ~[nashorn.jar:?]
	... 23 more
2020-08-07 11:55:16,030 ERROR o.a.j.f.JavaScript: Error processing Javascript: [
  function getRndInteger(min]
javax.script.ScriptException: <eval>:2:28 Expected , but found eof
  function getRndInteger(min
                            ^ in <eval> at line number 2 at column number 28
	at jdk.nashorn.api.scripting.NashornScriptEngine.throwAsScriptException(NashornScriptEngine.java:470) ~[nashorn.jar:?]
	at jdk.nashorn.api.scripting.NashornScriptEngine.compileImpl(NashornScriptEngine.java:537) ~[nashorn.jar:?]
	at jdk.nashorn.api.scripting.NashornScriptEngine.compileImpl(NashornScriptEngine.java:524) ~[nashorn.jar:?]
	at jdk.nashorn.api.scripting.NashornScriptEngine.evalImpl(NashornScriptEngine.java:402) ~[nashorn.jar:?]
	at jdk.nashorn.api.scripting.NashornScriptEngine.eval(NashornScriptEngine.java:155) ~[nashorn.jar:?]
	at org.apache.jmeter.functions.JavaScript.executeWithNashorn(JavaScript.java:141) [ApacheJMeter_functions.jar:5.3]
	at org.apache.jmeter.functions.JavaScript.execute(JavaScript.java:102) [ApacheJMeter_functions.jar:5.3]
	at org.apache.jmeter.engine.util.CompoundVariable.execute(CompoundVariable.java:135) [ApacheJMeter_core.jar:5.3]
	at org.apache.jmeter.engine.util.CompoundVariable.execute(CompoundVariable.java:110) [ApacheJMeter_core.jar:5.3]
	at org.apache.jmeter.testelement.property.FunctionProperty.getStringValue(FunctionProperty.java:100) [ApacheJMeter_core.jar:5.3]
	at org.apache.jmeter.testelement.AbstractTestElement.getPropertyAsString(AbstractTestElement.java:280) [ApacheJMeter_core.jar:5.3]
	at org.apache.jmeter.config.Argument.getValue(Argument.java:145) [ApacheJMeter_core.jar:5.3]
	at org.apache.jmeter.protocol.http.util.HTTPArgument.getEncodedValue(HTTPArgument.java:249) [ApacheJMeter_http.jar:5.3]
	at org.apache.jmeter.protocol.http.util.HTTPArgument.getEncodedValue(HTTPArgument.java:230) [ApacheJMeter_http.jar:5.3]
	at org.apache.jmeter.protocol.http.sampler.HTTPHC4Impl.setupHttpEntityEnclosingRequestData(HTTPHC4Impl.java:1630) [ApacheJMeter_http.jar:5.3]
	at org.apache.jmeter.protocol.http.sampler.HTTPHC4Impl.handleMethod(HTTPHC4Impl.java:881) [ApacheJMeter_http.jar:5.3]
	at org.apache.jmeter.protocol.http.sampler.HTTPHC4Impl.sample(HTTPHC4Impl.java:636) [ApacheJMeter_http.jar:5.3]
	at org.apache.jmeter.protocol.http.sampler.HTTPSamplerProxy.sample(HTTPSamplerProxy.java:66) [ApacheJMeter_http.jar:5.3]
	at org.apache.jmeter.protocol.http.sampler.HTTPSamplerBase.sample(HTTPSamplerBase.java:1281) [ApacheJMeter_http.jar:5.3]
	at org.apache.jmeter.protocol.http.sampler.HTTPSamplerBase.sample(HTTPSamplerBase.java:1270) [ApacheJMeter_http.jar:5.3]
	at org.apache.jmeter.threads.JMeterThread.doSampling(JMeterThread.java:630) [ApacheJMeter_core.jar:5.3]
	at org.apache.jmeter.threads.JMeterThread.executeSamplePackage(JMeterThread.java:558) [ApacheJMeter_core.jar:5.3]
	at org.apache.jmeter.threads.JMeterThread.processSampler(JMeterThread.java:489) [ApacheJMeter_core.jar:5.3]
	at org.apache.jmeter.threads.JMeterThread.run(JMeterThread.java:256) [ApacheJMeter_core.jar:5.3]
	at java.lang.Thread.run(Thread.java:748) [?:1.8.0_162]
Caused by: jdk.nashorn.internal.runtime.ParserException: <eval>:2:28 Expected , but found eof
  function getRndInteger(min
                            ^
	at jdk.nashorn.internal.parser.AbstractParser.error(AbstractParser.java:294) ~[nashorn.jar:?]
	at jdk.nashorn.internal.parser.AbstractParser.error(AbstractParser.java:279) ~[nashorn.jar:?]
	at jdk.nashorn.internal.parser.AbstractParser.expectDontAdvance(AbstractParser.java:350) ~[nashorn.jar:?]
	at jdk.nashorn.internal.parser.AbstractParser.expect(AbstractParser.java:337) ~[nashorn.jar:?]
	at jdk.nashorn.internal.parser.Parser.formalParameterList(Parser.java:2829) ~[nashorn.jar:?]
	at jdk.nashorn.internal.parser.Parser.formalParameterList(Parser.java:2804) ~[nashorn.jar:?]
	at jdk.nashorn.internal.parser.Parser.functionExpression(Parser.java:2655) ~[nashorn.jar:?]
	at jdk.nashorn.internal.parser.Parser.statement(Parser.java:875) ~[nashorn.jar:?]
	at jdk.nashorn.internal.parser.Parser.sourceElements(Parser.java:773) ~[nashorn.jar:?]
	at jdk.nashorn.internal.parser.Parser.program(Parser.java:709) ~[nashorn.jar:?]
	at jdk.nashorn.internal.parser.Parser.parse(Parser.java:283) ~[nashorn.jar:?]
	at jdk.nashorn.internal.parser.Parser.parse(Parser.java:249) ~[nashorn.jar:?]
	at jdk.nashorn.internal.runtime.Context.compile(Context.java:1284) ~[nashorn.jar:?]
	at jdk.nashorn.internal.runtime.Context.compileScript(Context.java:1251) ~[nashorn.jar:?]
	at jdk.nashorn.internal.runtime.Context.compileScript(Context.java:627) ~[nashorn.jar:?]
	at jdk.nashorn.api.scripting.NashornScriptEngine.compileImpl(NashornScriptEngine.java:535) ~[nashorn.jar:?]
	... 23 more
2020-08-07 11:55:17,027 ERROR o.a.j.f.JavaScript: Error processing Javascript: [
  function getRndInteger(min]
javax.script.ScriptException: <eval>:2:28 Expected , but found eof
  function getRndInteger(min
                            ^ in <eval> at line number 2 at column number 28
	at jdk.nashorn.api.scripting.NashornScriptEngine.throwAsScriptException(NashornScriptEngine.java:470) ~[nashorn.jar:?]
	at jdk.nashorn.api.scripting.NashornScriptEngine.compileImpl(NashornScriptEngine.java:537) ~[nashorn.jar:?]
	at jdk.nashorn.api.scripting.NashornScriptEngine.compileImpl(NashornScriptEngine.java:524) ~[nashorn.jar:?]
	at jdk.nashorn.api.scripting.NashornScriptEngine.evalImpl(NashornScriptEngine.java:402) ~[nashorn.jar:?]
	at jdk.nashorn.api.scripting.NashornScriptEngine.eval(NashornScriptEngine.java:155) ~[nashorn.jar:?]
	at org.apache.jmeter.functions.JavaScript.executeWithNashorn(JavaScript.java:141) [ApacheJMeter_functions.jar:5.3]
	at org.apache.jmeter.functions.JavaScript.execute(JavaScript.java:102) [ApacheJMeter_functions.jar:5.3]
	at org.apache.jmeter.engine.util.CompoundVariable.execute(CompoundVariable.java:135) [ApacheJMeter_core.jar:5.3]
	at org.apache.jmeter.engine.util.CompoundVariable.execute(CompoundVariable.java:110) [ApacheJMeter_core.jar:5.3]
	at org.apache.jmeter.testelement.property.FunctionProperty.getStringValue(FunctionProperty.java:100) [ApacheJMeter_core.jar:5.3]
	at org.apache.jmeter.testelement.AbstractTestElement.getPropertyAsString(AbstractTestElement.java:280) [ApacheJMeter_core.jar:5.3]
	at org.apache.jmeter.config.Argument.getValue(Argument.java:145) [ApacheJMeter_core.jar:5.3]
	at org.apache.jmeter.protocol.http.util.HTTPArgument.getEncodedValue(HTTPArgument.java:249) [ApacheJMeter_http.jar:5.3]
	at org.apache.jmeter.protocol.http.util.HTTPArgument.getEncodedValue(HTTPArgument.java:230) [ApacheJMeter_http.jar:5.3]
	at org.apache.jmeter.protocol.http.sampler.HTTPHC4Impl.setupHttpEntityEnclosingRequestData(HTTPHC4Impl.java:1630) [ApacheJMeter_http.jar:5.3]
	at org.apache.jmeter.protocol.http.sampler.HTTPHC4Impl.handleMethod(HTTPHC4Impl.java:881) [ApacheJMeter_http.jar:5.3]
	at org.apache.jmeter.protocol.http.sampler.HTTPHC4Impl.sample(HTTPHC4Impl.java:636) [ApacheJMeter_http.jar:5.3]
	at org.apache.jmeter.protocol.http.sampler.HTTPSamplerProxy.sample(HTTPSamplerProxy.java:66) [ApacheJMeter_http.jar:5.3]
	at org.apache.jmeter.protocol.http.sampler.HTTPSamplerBase.sample(HTTPSamplerBase.java:1281) [ApacheJMeter_http.jar:5.3]
	at org.apache.jmeter.protocol.http.sampler.HTTPSamplerBase.sample(HTTPSamplerBase.java:1270) [ApacheJMeter_http.jar:5.3]
	at org.apache.jmeter.threads.JMeterThread.doSampling(JMeterThread.java:630) [ApacheJMeter_core.jar:5.3]
	at org.apache.jmeter.threads.JMeterThread.executeSamplePackage(JMeterThread.java:558) [ApacheJMeter_core.jar:5.3]
	at org.apache.jmeter.threads.JMeterThread.processSampler(JMeterThread.java:489) [ApacheJMeter_core.jar:5.3]
	at org.apache.jmeter.threads.JMeterThread.run(JMeterThread.java:256) [ApacheJMeter_core.jar:5.3]
	at java.lang.Thread.run(Thread.java:748) [?:1.8.0_162]
Caused by: jdk.nashorn.internal.runtime.ParserException: <eval>:2:28 Expected , but found eof
  function getRndInteger(min
                            ^
	at jdk.nashorn.internal.parser.AbstractParser.error(AbstractParser.java:294) ~[nashorn.jar:?]
	at jdk.nashorn.internal.parser.AbstractParser.error(AbstractParser.java:279) ~[nashorn.jar:?]
	at jdk.nashorn.internal.parser.AbstractParser.expectDontAdvance(AbstractParser.java:350) ~[nashorn.jar:?]
	at jdk.nashorn.internal.parser.AbstractParser.expect(AbstractParser.java:337) ~[nashorn.jar:?]
	at jdk.nashorn.internal.parser.Parser.formalParameterList(Parser.java:2829) ~[nashorn.jar:?]
	at jdk.nashorn.internal.parser.Parser.formalParameterList(Parser.java:2804) ~[nashorn.jar:?]
	at jdk.nashorn.internal.parser.Parser.functionExpression(Parser.java:2655) ~[nashorn.jar:?]
	at jdk.nashorn.internal.parser.Parser.statement(Parser.java:875) ~[nashorn.jar:?]
	at jdk.nashorn.internal.parser.Parser.sourceElements(Parser.java:773) ~[nashorn.jar:?]
	at jdk.nashorn.internal.parser.Parser.program(Parser.java:709) ~[nashorn.jar:?]
	at jdk.nashorn.internal.parser.Parser.parse(Parser.java:283) ~[nashorn.jar:?]
	at jdk.nashorn.internal.parser.Parser.parse(Parser.java:249) ~[nashorn.jar:?]
	at jdk.nashorn.internal.runtime.Context.compile(Context.java:1284) ~[nashorn.jar:?]
	at jdk.nashorn.internal.runtime.Context.compileScript(Context.java:1251) ~[nashorn.jar:?]
	at jdk.nashorn.internal.runtime.Context.compileScript(Context.java:627) ~[nashorn.jar:?]
	at jdk.nashorn.api.scripting.NashornScriptEngine.compileImpl(NashornScriptEngine.java:535) ~[nashorn.jar:?]
	... 23 more
2020-08-07 11:55:18,029 ERROR o.a.j.f.JavaScript: Error processing Javascript: [
  function getRndInteger(min]
javax.script.ScriptException: <eval>:2:28 Expected , but found eof
  function getRndInteger(min
                            ^ in <eval> at line number 2 at column number 28
	at jdk.nashorn.api.scripting.NashornScriptEngine.throwAsScriptException(NashornScriptEngine.java:470) ~[nashorn.jar:?]
	at jdk.nashorn.api.scripting.NashornScriptEngine.compileImpl(NashornScriptEngine.java:537) ~[nashorn.jar:?]
	at jdk.nashorn.api.scripting.NashornScriptEngine.compileImpl(NashornScriptEngine.java:524) ~[nashorn.jar:?]
	at jdk.nashorn.api.scripting.NashornScriptEngine.evalImpl(NashornScriptEngine.java:402) ~[nashorn.jar:?]
	at jdk.nashorn.api.scripting.NashornScriptEngine.eval(NashornScriptEngine.java:155) ~[nashorn.jar:?]
	at org.apache.jmeter.functions.JavaScript.executeWithNashorn(JavaScript.java:141) [ApacheJMeter_functions.jar:5.3]
	at org.apache.jmeter.functions.JavaScript.execute(JavaScript.java:102) [ApacheJMeter_functions.jar:5.3]
	at org.apache.jmeter.engine.util.CompoundVariable.execute(CompoundVariable.java:135) [ApacheJMeter_core.jar:5.3]
	at org.apache.jmeter.engine.util.CompoundVariable.execute(CompoundVariable.java:110) [ApacheJMeter_core.jar:5.3]
	at org.apache.jmeter.testelement.property.FunctionProperty.getStringValue(FunctionProperty.java:100) [ApacheJMeter_core.jar:5.3]
	at org.apache.jmeter.testelement.AbstractTestElement.getPropertyAsString(AbstractTestElement.java:280) [ApacheJMeter_core.jar:5.3]
	at org.apache.jmeter.config.Argument.getValue(Argument.java:145) [ApacheJMeter_core.jar:5.3]
	at org.apache.jmeter.protocol.http.util.HTTPArgument.getEncodedValue(HTTPArgument.java:249) [ApacheJMeter_http.jar:5.3]
	at org.apache.jmeter.protocol.http.util.HTTPArgument.getEncodedValue(HTTPArgument.java:230) [ApacheJMeter_http.jar:5.3]
	at org.apache.jmeter.protocol.http.sampler.HTTPHC4Impl.setupHttpEntityEnclosingRequestData(HTTPHC4Impl.java:1630) [ApacheJMeter_http.jar:5.3]
	at org.apache.jmeter.protocol.http.sampler.HTTPHC4Impl.handleMethod(HTTPHC4Impl.java:881) [ApacheJMeter_http.jar:5.3]
	at org.apache.jmeter.protocol.http.sampler.HTTPHC4Impl.sample(HTTPHC4Impl.java:636) [ApacheJMeter_http.jar:5.3]
	at org.apache.jmeter.protocol.http.sampler.HTTPSamplerProxy.sample(HTTPSamplerProxy.java:66) [ApacheJMeter_http.jar:5.3]
	at org.apache.jmeter.protocol.http.sampler.HTTPSamplerBase.sample(HTTPSamplerBase.java:1281) [ApacheJMeter_http.jar:5.3]
	at org.apache.jmeter.protocol.http.sampler.HTTPSamplerBase.sample(HTTPSamplerBase.java:1270) [ApacheJMeter_http.jar:5.3]
	at org.apache.jmeter.threads.JMeterThread.doSampling(JMeterThread.java:630) [ApacheJMeter_core.jar:5.3]
	at org.apache.jmeter.threads.JMeterThread.executeSamplePackage(JMeterThread.java:558) [ApacheJMeter_core.jar:5.3]
	at org.apache.jmeter.threads.JMeterThread.processSampler(JMeterThread.java:489) [ApacheJMeter_core.jar:5.3]
	at org.apache.jmeter.threads.JMeterThread.run(JMeterThread.java:256) [ApacheJMeter_core.jar:5.3]
	at java.lang.Thread.run(Thread.java:748) [?:1.8.0_162]
Caused by: jdk.nashorn.internal.runtime.ParserException: <eval>:2:28 Expected , but found eof
  function getRndInteger(min
                            ^
	at jdk.nashorn.internal.parser.AbstractParser.error(AbstractParser.java:294) ~[nashorn.jar:?]
	at jdk.nashorn.internal.parser.AbstractParser.error(AbstractParser.java:279) ~[nashorn.jar:?]
	at jdk.nashorn.internal.parser.AbstractParser.expectDontAdvance(AbstractParser.java:350) ~[nashorn.jar:?]
	at jdk.nashorn.internal.parser.AbstractParser.expect(AbstractParser.java:337) ~[nashorn.jar:?]
	at jdk.nashorn.internal.parser.Parser.formalParameterList(Parser.java:2829) ~[nashorn.jar:?]
	at jdk.nashorn.internal.parser.Parser.formalParameterList(Parser.java:2804) ~[nashorn.jar:?]
	at jdk.nashorn.internal.parser.Parser.functionExpression(Parser.java:2655) ~[nashorn.jar:?]
	at jdk.nashorn.internal.parser.Parser.statement(Parser.java:875) ~[nashorn.jar:?]
	at jdk.nashorn.internal.parser.Parser.sourceElements(Parser.java:773) ~[nashorn.jar:?]
	at jdk.nashorn.internal.parser.Parser.program(Parser.java:709) ~[nashorn.jar:?]
	at jdk.nashorn.internal.parser.Parser.parse(Parser.java:283) ~[nashorn.jar:?]
	at jdk.nashorn.internal.parser.Parser.parse(Parser.java:249) ~[nashorn.jar:?]
	at jdk.nashorn.internal.runtime.Context.compile(Context.java:1284) ~[nashorn.jar:?]
	at jdk.nashorn.internal.runtime.Context.compileScript(Context.java:1251) ~[nashorn.jar:?]
	at jdk.nashorn.internal.runtime.Context.compileScript(Context.java:627) ~[nashorn.jar:?]
	at jdk.nashorn.api.scripting.NashornScriptEngine.compileImpl(NashornScriptEngine.java:535) ~[nashorn.jar:?]
	... 23 more
2020-08-07 11:55:19,025 ERROR o.a.j.f.JavaScript: Error processing Javascript: [
  function getRndInteger(min]
javax.script.ScriptException: <eval>:2:28 Expected , but found eof
  function getRndInteger(min
                            ^ in <eval> at line number 2 at column number 28
	at jdk.nashorn.api.scripting.NashornScriptEngine.throwAsScriptException(NashornScriptEngine.java:470) ~[nashorn.jar:?]
	at jdk.nashorn.api.scripting.NashornScriptEngine.compileImpl(NashornScriptEngine.java:537) ~[nashorn.jar:?]
	at jdk.nashorn.api.scripting.NashornScriptEngine.compileImpl(NashornScriptEngine.java:524) ~[nashorn.jar:?]
	at jdk.nashorn.api.scripting.NashornScriptEngine.evalImpl(NashornScriptEngine.java:402) ~[nashorn.jar:?]
	at jdk.nashorn.api.scripting.NashornScriptEngine.eval(NashornScriptEngine.java:155) ~[nashorn.jar:?]
	at org.apache.jmeter.functions.JavaScript.executeWithNashorn(JavaScript.java:141) [ApacheJMeter_functions.jar:5.3]
	at org.apache.jmeter.functions.JavaScript.execute(JavaScript.java:102) [ApacheJMeter_functions.jar:5.3]
	at org.apache.jmeter.engine.util.CompoundVariable.execute(CompoundVariable.java:135) [ApacheJMeter_core.jar:5.3]
	at org.apache.jmeter.engine.util.CompoundVariable.execute(CompoundVariable.java:110) [ApacheJMeter_core.jar:5.3]
	at org.apache.jmeter.testelement.property.FunctionProperty.getStringValue(FunctionProperty.java:100) [ApacheJMeter_core.jar:5.3]
	at org.apache.jmeter.testelement.AbstractTestElement.getPropertyAsString(AbstractTestElement.java:280) [ApacheJMeter_core.jar:5.3]
	at org.apache.jmeter.config.Argument.getValue(Argument.java:145) [ApacheJMeter_core.jar:5.3]
	at org.apache.jmeter.protocol.http.util.HTTPArgument.getEncodedValue(HTTPArgument.java:249) [ApacheJMeter_http.jar:5.3]
	at org.apache.jmeter.protocol.http.util.HTTPArgument.getEncodedValue(HTTPArgument.java:230) [ApacheJMeter_http.jar:5.3]
	at org.apache.jmeter.protocol.http.sampler.HTTPHC4Impl.setupHttpEntityEnclosingRequestData(HTTPHC4Impl.java:1630) [ApacheJMeter_http.jar:5.3]
	at org.apache.jmeter.protocol.http.sampler.HTTPHC4Impl.handleMethod(HTTPHC4Impl.java:881) [ApacheJMeter_http.jar:5.3]
	at org.apache.jmeter.protocol.http.sampler.HTTPHC4Impl.sample(HTTPHC4Impl.java:636) [ApacheJMeter_http.jar:5.3]
	at org.apache.jmeter.protocol.http.sampler.HTTPSamplerProxy.sample(HTTPSamplerProxy.java:66) [ApacheJMeter_http.jar:5.3]
	at org.apache.jmeter.protocol.http.sampler.HTTPSamplerBase.sample(HTTPSamplerBase.java:1281) [ApacheJMeter_http.jar:5.3]
	at org.apache.jmeter.protocol.http.sampler.HTTPSamplerBase.sample(HTTPSamplerBase.java:1270) [ApacheJMeter_http.jar:5.3]
	at org.apache.jmeter.threads.JMeterThread.doSampling(JMeterThread.java:630) [ApacheJMeter_core.jar:5.3]
	at org.apache.jmeter.threads.JMeterThread.executeSamplePackage(JMeterThread.java:558) [ApacheJMeter_core.jar:5.3]
	at org.apache.jmeter.threads.JMeterThread.processSampler(JMeterThread.java:489) [ApacheJMeter_core.jar:5.3]
	at org.apache.jmeter.threads.JMeterThread.run(JMeterThread.java:256) [ApacheJMeter_core.jar:5.3]
	at java.lang.Thread.run(Thread.java:748) [?:1.8.0_162]
Caused by: jdk.nashorn.internal.runtime.ParserException: <eval>:2:28 Expected , but found eof
  function getRndInteger(min
                            ^
	at jdk.nashorn.internal.parser.AbstractParser.error(AbstractParser.java:294) ~[nashorn.jar:?]
	at jdk.nashorn.internal.parser.AbstractParser.error(AbstractParser.java:279) ~[nashorn.jar:?]
	at jdk.nashorn.internal.parser.AbstractParser.expectDontAdvance(AbstractParser.java:350) ~[nashorn.jar:?]
	at jdk.nashorn.internal.parser.AbstractParser.expect(AbstractParser.java:337) ~[nashorn.jar:?]
	at jdk.nashorn.internal.parser.Parser.formalParameterList(Parser.java:2829) ~[nashorn.jar:?]
	at jdk.nashorn.internal.parser.Parser.formalParameterList(Parser.java:2804) ~[nashorn.jar:?]
	at jdk.nashorn.internal.parser.Parser.functionExpression(Parser.java:2655) ~[nashorn.jar:?]
	at jdk.nashorn.internal.parser.Parser.statement(Parser.java:875) ~[nashorn.jar:?]
	at jdk.nashorn.internal.parser.Parser.sourceElements(Parser.java:773) ~[nashorn.jar:?]
	at jdk.nashorn.internal.parser.Parser.program(Parser.java:709) ~[nashorn.jar:?]
	at jdk.nashorn.internal.parser.Parser.parse(Parser.java:283) ~[nashorn.jar:?]
	at jdk.nashorn.internal.parser.Parser.parse(Parser.java:249) ~[nashorn.jar:?]
	at jdk.nashorn.internal.runtime.Context.compile(Context.java:1284) ~[nashorn.jar:?]
	at jdk.nashorn.internal.runtime.Context.compileScript(Context.java:1251) ~[nashorn.jar:?]
	at jdk.nashorn.internal.runtime.Context.compileScript(Context.java:627) ~[nashorn.jar:?]
	at jdk.nashorn.api.scripting.NashornScriptEngine.compileImpl(NashornScriptEngine.java:535) ~[nashorn.jar:?]
	... 23 more
2020-08-07 11:55:20,031 ERROR o.a.j.f.JavaScript: Error processing Javascript: [
  function getRndInteger(min]
javax.script.ScriptException: <eval>:2:28 Expected , but found eof
  function getRndInteger(min
                            ^ in <eval> at line number 2 at column number 28
	at jdk.nashorn.api.scripting.NashornScriptEngine.throwAsScriptException(NashornScriptEngine.java:470) ~[nashorn.jar:?]
	at jdk.nashorn.api.scripting.NashornScriptEngine.compileImpl(NashornScriptEngine.java:537) ~[nashorn.jar:?]
	at jdk.nashorn.api.scripting.NashornScriptEngine.compileImpl(NashornScriptEngine.java:524) ~[nashorn.jar:?]
	at jdk.nashorn.api.scripting.NashornScriptEngine.evalImpl(NashornScriptEngine.java:402) ~[nashorn.jar:?]
	at jdk.nashorn.api.scripting.NashornScriptEngine.eval(NashornScriptEngine.java:155) ~[nashorn.jar:?]
	at org.apache.jmeter.functions.JavaScript.executeWithNashorn(JavaScript.java:141) [ApacheJMeter_functions.jar:5.3]
	at org.apache.jmeter.functions.JavaScript.execute(JavaScript.java:102) [ApacheJMeter_functions.jar:5.3]
	at org.apache.jmeter.engine.util.CompoundVariable.execute(CompoundVariable.java:135) [ApacheJMeter_core.jar:5.3]
	at org.apache.jmeter.engine.util.CompoundVariable.execute(CompoundVariable.java:110) [ApacheJMeter_core.jar:5.3]
	at org.apache.jmeter.testelement.property.FunctionProperty.getStringValue(FunctionProperty.java:100) [ApacheJMeter_core.jar:5.3]
	at org.apache.jmeter.testelement.AbstractTestElement.getPropertyAsString(AbstractTestElement.java:280) [ApacheJMeter_core.jar:5.3]
	at org.apache.jmeter.config.Argument.getValue(Argument.java:145) [ApacheJMeter_core.jar:5.3]
	at org.apache.jmeter.protocol.http.util.HTTPArgument.getEncodedValue(HTTPArgument.java:249) [ApacheJMeter_http.jar:5.3]
	at org.apache.jmeter.protocol.http.util.HTTPArgument.getEncodedValue(HTTPArgument.java:230) [ApacheJMeter_http.jar:5.3]
	at org.apache.jmeter.protocol.http.sampler.HTTPHC4Impl.setupHttpEntityEnclosingRequestData(HTTPHC4Impl.java:1630) [ApacheJMeter_http.jar:5.3]
	at org.apache.jmeter.protocol.http.sampler.HTTPHC4Impl.handleMethod(HTTPHC4Impl.java:881) [ApacheJMeter_http.jar:5.3]
	at org.apache.jmeter.protocol.http.sampler.HTTPHC4Impl.sample(HTTPHC4Impl.java:636) [ApacheJMeter_http.jar:5.3]
	at org.apache.jmeter.protocol.http.sampler.HTTPSamplerProxy.sample(HTTPSamplerProxy.java:66) [ApacheJMeter_http.jar:5.3]
	at org.apache.jmeter.protocol.http.sampler.HTTPSamplerBase.sample(HTTPSamplerBase.java:1281) [ApacheJMeter_http.jar:5.3]
	at org.apache.jmeter.protocol.http.sampler.HTTPSamplerBase.sample(HTTPSamplerBase.java:1270) [ApacheJMeter_http.jar:5.3]
	at org.apache.jmeter.threads.JMeterThread.doSampling(JMeterThread.java:630) [ApacheJMeter_core.jar:5.3]
	at org.apache.jmeter.threads.JMeterThread.executeSamplePackage(JMeterThread.java:558) [ApacheJMeter_core.jar:5.3]
	at org.apache.jmeter.threads.JMeterThread.processSampler(JMeterThread.java:489) [ApacheJMeter_core.jar:5.3]
	at org.apache.jmeter.threads.JMeterThread.run(JMeterThread.java:256) [ApacheJMeter_core.jar:5.3]
	at java.lang.Thread.run(Thread.java:748) [?:1.8.0_162]
Caused by: jdk.nashorn.internal.runtime.ParserException: <eval>:2:28 Expected , but found eof
  function getRndInteger(min
                            ^
	at jdk.nashorn.internal.parser.AbstractParser.error(AbstractParser.java:294) ~[nashorn.jar:?]
	at jdk.nashorn.internal.parser.AbstractParser.error(AbstractParser.java:279) ~[nashorn.jar:?]
	at jdk.nashorn.internal.parser.AbstractParser.expectDontAdvance(AbstractParser.java:350) ~[nashorn.jar:?]
	at jdk.nashorn.internal.parser.AbstractParser.expect(AbstractParser.java:337) ~[nashorn.jar:?]
	at jdk.nashorn.internal.parser.Parser.formalParameterList(Parser.java:2829) ~[nashorn.jar:?]
	at jdk.nashorn.internal.parser.Parser.formalParameterList(Parser.java:2804) ~[nashorn.jar:?]
	at jdk.nashorn.internal.parser.Parser.functionExpression(Parser.java:2655) ~[nashorn.jar:?]
	at jdk.nashorn.internal.parser.Parser.statement(Parser.java:875) ~[nashorn.jar:?]
	at jdk.nashorn.internal.parser.Parser.sourceElements(Parser.java:773) ~[nashorn.jar:?]
	at jdk.nashorn.internal.parser.Parser.program(Parser.java:709) ~[nashorn.jar:?]
	at jdk.nashorn.internal.parser.Parser.parse(Parser.java:283) ~[nashorn.jar:?]
	at jdk.nashorn.internal.parser.Parser.parse(Parser.java:249) ~[nashorn.jar:?]
	at jdk.nashorn.internal.runtime.Context.compile(Context.java:1284) ~[nashorn.jar:?]
	at jdk.nashorn.internal.runtime.Context.compileScript(Context.java:1251) ~[nashorn.jar:?]
	at jdk.nashorn.internal.runtime.Context.compileScript(Context.java:627) ~[nashorn.jar:?]
	at jdk.nashorn.api.scripting.NashornScriptEngine.compileImpl(NashornScriptEngine.java:535) ~[nashorn.jar:?]
	... 23 more
2020-08-07 11:55:21,027 ERROR o.a.j.f.JavaScript: Error processing Javascript: [
  function getRndInteger(min]
javax.script.ScriptException: <eval>:2:28 Expected , but found eof
  function getRndInteger(min
                            ^ in <eval> at line number 2 at column number 28
	at jdk.nashorn.api.scripting.NashornScriptEngine.throwAsScriptException(NashornScriptEngine.java:470) ~[nashorn.jar:?]
	at jdk.nashorn.api.scripting.NashornScriptEngine.compileImpl(NashornScriptEngine.java:537) ~[nashorn.jar:?]
	at jdk.nashorn.api.scripting.NashornScriptEngine.compileImpl(NashornScriptEngine.java:524) ~[nashorn.jar:?]
	at jdk.nashorn.api.scripting.NashornScriptEngine.evalImpl(NashornScriptEngine.java:402) ~[nashorn.jar:?]
	at jdk.nashorn.api.scripting.NashornScriptEngine.eval(NashornScriptEngine.java:155) ~[nashorn.jar:?]
	at org.apache.jmeter.functions.JavaScript.executeWithNashorn(JavaScript.java:141) [ApacheJMeter_functions.jar:5.3]
	at org.apache.jmeter.functions.JavaScript.execute(JavaScript.java:102) [ApacheJMeter_functions.jar:5.3]
	at org.apache.jmeter.engine.util.CompoundVariable.execute(CompoundVariable.java:135) [ApacheJMeter_core.jar:5.3]
	at org.apache.jmeter.engine.util.CompoundVariable.execute(CompoundVariable.java:110) [ApacheJMeter_core.jar:5.3]
	at org.apache.jmeter.testelement.property.FunctionProperty.getStringValue(FunctionProperty.java:100) [ApacheJMeter_core.jar:5.3]
	at org.apache.jmeter.testelement.AbstractTestElement.getPropertyAsString(AbstractTestElement.java:280) [ApacheJMeter_core.jar:5.3]
	at org.apache.jmeter.config.Argument.getValue(Argument.java:145) [ApacheJMeter_core.jar:5.3]
	at org.apache.jmeter.protocol.http.util.HTTPArgument.getEncodedValue(HTTPArgument.java:249) [ApacheJMeter_http.jar:5.3]
	at org.apache.jmeter.protocol.http.util.HTTPArgument.getEncodedValue(HTTPArgument.java:230) [ApacheJMeter_http.jar:5.3]
	at org.apache.jmeter.protocol.http.sampler.HTTPHC4Impl.setupHttpEntityEnclosingRequestData(HTTPHC4Impl.java:1630) [ApacheJMeter_http.jar:5.3]
	at org.apache.jmeter.protocol.http.sampler.HTTPHC4Impl.handleMethod(HTTPHC4Impl.java:881) [ApacheJMeter_http.jar:5.3]
	at org.apache.jmeter.protocol.http.sampler.HTTPHC4Impl.sample(HTTPHC4Impl.java:636) [ApacheJMeter_http.jar:5.3]
	at org.apache.jmeter.protocol.http.sampler.HTTPSamplerProxy.sample(HTTPSamplerProxy.java:66) [ApacheJMeter_http.jar:5.3]
	at org.apache.jmeter.protocol.http.sampler.HTTPSamplerBase.sample(HTTPSamplerBase.java:1281) [ApacheJMeter_http.jar:5.3]
	at org.apache.jmeter.protocol.http.sampler.HTTPSamplerBase.sample(HTTPSamplerBase.java:1270) [ApacheJMeter_http.jar:5.3]
	at org.apache.jmeter.threads.JMeterThread.doSampling(JMeterThread.java:630) [ApacheJMeter_core.jar:5.3]
	at org.apache.jmeter.threads.JMeterThread.executeSamplePackage(JMeterThread.java:558) [ApacheJMeter_core.jar:5.3]
	at org.apache.jmeter.threads.JMeterThread.processSampler(JMeterThread.java:489) [ApacheJMeter_core.jar:5.3]
	at org.apache.jmeter.threads.JMeterThread.run(JMeterThread.java:256) [ApacheJMeter_core.jar:5.3]
	at java.lang.Thread.run(Thread.java:748) [?:1.8.0_162]
Caused by: jdk.nashorn.internal.runtime.ParserException: <eval>:2:28 Expected , but found eof
  function getRndInteger(min
                            ^
	at jdk.nashorn.internal.parser.AbstractParser.error(AbstractParser.java:294) ~[nashorn.jar:?]
	at jdk.nashorn.internal.parser.AbstractParser.error(AbstractParser.java:279) ~[nashorn.jar:?]
	at jdk.nashorn.internal.parser.AbstractParser.expectDontAdvance(AbstractParser.java:350) ~[nashorn.jar:?]
	at jdk.nashorn.internal.parser.AbstractParser.expect(AbstractParser.java:337) ~[nashorn.jar:?]
	at jdk.nashorn.internal.parser.Parser.formalParameterList(Parser.java:2829) ~[nashorn.jar:?]
	at jdk.nashorn.internal.parser.Parser.formalParameterList(Parser.java:2804) ~[nashorn.jar:?]
	at jdk.nashorn.internal.parser.Parser.functionExpression(Parser.java:2655) ~[nashorn.jar:?]
	at jdk.nashorn.internal.parser.Parser.statement(Parser.java:875) ~[nashorn.jar:?]
	at jdk.nashorn.internal.parser.Parser.sourceElements(Parser.java:773) ~[nashorn.jar:?]
	at jdk.nashorn.internal.parser.Parser.program(Parser.java:709) ~[nashorn.jar:?]
	at jdk.nashorn.internal.parser.Parser.parse(Parser.java:283) ~[nashorn.jar:?]
	at jdk.nashorn.internal.parser.Parser.parse(Parser.java:249) ~[nashorn.jar:?]
	at jdk.nashorn.internal.runtime.Context.compile(Context.java:1284) ~[nashorn.jar:?]
	at jdk.nashorn.internal.runtime.Context.compileScript(Context.java:1251) ~[nashorn.jar:?]
	at jdk.nashorn.internal.runtime.Context.compileScript(Context.java:627) ~[nashorn.jar:?]
	at jdk.nashorn.api.scripting.NashornScriptEngine.compileImpl(NashornScriptEngine.java:535) ~[nashorn.jar:?]
	... 23 more
2020-08-07 11:55:22,029 ERROR o.a.j.f.JavaScript: Error processing Javascript: [
  function getRndInteger(min]
javax.script.ScriptException: <eval>:2:28 Expected , but found eof
  function getRndInteger(min
                            ^ in <eval> at line number 2 at column number 28
	at jdk.nashorn.api.scripting.NashornScriptEngine.throwAsScriptException(NashornScriptEngine.java:470) ~[nashorn.jar:?]
	at jdk.nashorn.api.scripting.NashornScriptEngine.compileImpl(NashornScriptEngine.java:537) ~[nashorn.jar:?]
	at jdk.nashorn.api.scripting.NashornScriptEngine.compileImpl(NashornScriptEngine.java:524) ~[nashorn.jar:?]
	at jdk.nashorn.api.scripting.NashornScriptEngine.evalImpl(NashornScriptEngine.java:402) ~[nashorn.jar:?]
	at jdk.nashorn.api.scripting.NashornScriptEngine.eval(NashornScriptEngine.java:155) ~[nashorn.jar:?]
	at org.apache.jmeter.functions.JavaScript.executeWithNashorn(JavaScript.java:141) [ApacheJMeter_functions.jar:5.3]
	at org.apache.jmeter.functions.JavaScript.execute(JavaScript.java:102) [ApacheJMeter_functions.jar:5.3]
	at org.apache.jmeter.engine.util.CompoundVariable.execute(CompoundVariable.java:135) [ApacheJMeter_core.jar:5.3]
	at org.apache.jmeter.engine.util.CompoundVariable.execute(CompoundVariable.java:110) [ApacheJMeter_core.jar:5.3]
	at org.apache.jmeter.testelement.property.FunctionProperty.getStringValue(FunctionProperty.java:100) [ApacheJMeter_core.jar:5.3]
	at org.apache.jmeter.testelement.AbstractTestElement.getPropertyAsString(AbstractTestElement.java:280) [ApacheJMeter_core.jar:5.3]
	at org.apache.jmeter.config.Argument.getValue(Argument.java:145) [ApacheJMeter_core.jar:5.3]
	at org.apache.jmeter.protocol.http.util.HTTPArgument.getEncodedValue(HTTPArgument.java:249) [ApacheJMeter_http.jar:5.3]
	at org.apache.jmeter.protocol.http.util.HTTPArgument.getEncodedValue(HTTPArgument.java:230) [ApacheJMeter_http.jar:5.3]
	at org.apache.jmeter.protocol.http.sampler.HTTPHC4Impl.setupHttpEntityEnclosingRequestData(HTTPHC4Impl.java:1630) [ApacheJMeter_http.jar:5.3]
	at org.apache.jmeter.protocol.http.sampler.HTTPHC4Impl.handleMethod(HTTPHC4Impl.java:881) [ApacheJMeter_http.jar:5.3]
	at org.apache.jmeter.protocol.http.sampler.HTTPHC4Impl.sample(HTTPHC4Impl.java:636) [ApacheJMeter_http.jar:5.3]
	at org.apache.jmeter.protocol.http.sampler.HTTPSamplerProxy.sample(HTTPSamplerProxy.java:66) [ApacheJMeter_http.jar:5.3]
	at org.apache.jmeter.protocol.http.sampler.HTTPSamplerBase.sample(HTTPSamplerBase.java:1281) [ApacheJMeter_http.jar:5.3]
	at org.apache.jmeter.protocol.http.sampler.HTTPSamplerBase.sample(HTTPSamplerBase.java:1270) [ApacheJMeter_http.jar:5.3]
	at org.apache.jmeter.threads.JMeterThread.doSampling(JMeterThread.java:630) [ApacheJMeter_core.jar:5.3]
	at org.apache.jmeter.threads.JMeterThread.executeSamplePackage(JMeterThread.java:558) [ApacheJMeter_core.jar:5.3]
	at org.apache.jmeter.threads.JMeterThread.processSampler(JMeterThread.java:489) [ApacheJMeter_core.jar:5.3]
	at org.apache.jmeter.threads.JMeterThread.run(JMeterThread.java:256) [ApacheJMeter_core.jar:5.3]
	at java.lang.Thread.run(Thread.java:748) [?:1.8.0_162]
Caused by: jdk.nashorn.internal.runtime.ParserException: <eval>:2:28 Expected , but found eof
  function getRndInteger(min
                            ^
	at jdk.nashorn.internal.parser.AbstractParser.error(AbstractParser.java:294) ~[nashorn.jar:?]
	at jdk.nashorn.internal.parser.AbstractParser.error(AbstractParser.java:279) ~[nashorn.jar:?]
	at jdk.nashorn.internal.parser.AbstractParser.expectDontAdvance(AbstractParser.java:350) ~[nashorn.jar:?]
	at jdk.nashorn.internal.parser.AbstractParser.expect(AbstractParser.java:337) ~[nashorn.jar:?]
	at jdk.nashorn.internal.parser.Parser.formalParameterList(Parser.java:2829) ~[nashorn.jar:?]
	at jdk.nashorn.internal.parser.Parser.formalParameterList(Parser.java:2804) ~[nashorn.jar:?]
	at jdk.nashorn.internal.parser.Parser.functionExpression(Parser.java:2655) ~[nashorn.jar:?]
	at jdk.nashorn.internal.parser.Parser.statement(Parser.java:875) ~[nashorn.jar:?]
	at jdk.nashorn.internal.parser.Parser.sourceElements(Parser.java:773) ~[nashorn.jar:?]
	at jdk.nashorn.internal.parser.Parser.program(Parser.java:709) ~[nashorn.jar:?]
	at jdk.nashorn.internal.parser.Parser.parse(Parser.java:283) ~[nashorn.jar:?]
	at jdk.nashorn.internal.parser.Parser.parse(Parser.java:249) ~[nashorn.jar:?]
	at jdk.nashorn.internal.runtime.Context.compile(Context.java:1284) ~[nashorn.jar:?]
	at jdk.nashorn.internal.runtime.Context.compileScript(Context.java:1251) ~[nashorn.jar:?]
	at jdk.nashorn.internal.runtime.Context.compileScript(Context.java:627) ~[nashorn.jar:?]
	at jdk.nashorn.api.scripting.NashornScriptEngine.compileImpl(NashornScriptEngine.java:535) ~[nashorn.jar:?]
	... 23 more
2020-08-07 11:55:23,028 ERROR o.a.j.f.JavaScript: Error processing Javascript: [
  function getRndInteger(min]
javax.script.ScriptException: <eval>:2:28 Expected , but found eof
  function getRndInteger(min
                            ^ in <eval> at line number 2 at column number 28
	at jdk.nashorn.api.scripting.NashornScriptEngine.throwAsScriptException(NashornScriptEngine.java:470) ~[nashorn.jar:?]
	at jdk.nashorn.api.scripting.NashornScriptEngine.compileImpl(NashornScriptEngine.java:537) ~[nashorn.jar:?]
	at jdk.nashorn.api.scripting.NashornScriptEngine.compileImpl(NashornScriptEngine.java:524) ~[nashorn.jar:?]
	at jdk.nashorn.api.scripting.NashornScriptEngine.evalImpl(NashornScriptEngine.java:402) ~[nashorn.jar:?]
	at jdk.nashorn.api.scripting.NashornScriptEngine.eval(NashornScriptEngine.java:155) ~[nashorn.jar:?]
	at org.apache.jmeter.functions.JavaScript.executeWithNashorn(JavaScript.java:141) [ApacheJMeter_functions.jar:5.3]
	at org.apache.jmeter.functions.JavaScript.execute(JavaScript.java:102) [ApacheJMeter_functions.jar:5.3]
	at org.apache.jmeter.engine.util.CompoundVariable.execute(CompoundVariable.java:135) [ApacheJMeter_core.jar:5.3]
	at org.apache.jmeter.engine.util.CompoundVariable.execute(CompoundVariable.java:110) [ApacheJMeter_core.jar:5.3]
	at org.apache.jmeter.testelement.property.FunctionProperty.getStringValue(FunctionProperty.java:100) [ApacheJMeter_core.jar:5.3]
	at org.apache.jmeter.testelement.AbstractTestElement.getPropertyAsString(AbstractTestElement.java:280) [ApacheJMeter_core.jar:5.3]
	at org.apache.jmeter.config.Argument.getValue(Argument.java:145) [ApacheJMeter_core.jar:5.3]
	at org.apache.jmeter.protocol.http.util.HTTPArgument.getEncodedValue(HTTPArgument.java:249) [ApacheJMeter_http.jar:5.3]
	at org.apache.jmeter.protocol.http.util.HTTPArgument.getEncodedValue(HTTPArgument.java:230) [ApacheJMeter_http.jar:5.3]
	at org.apache.jmeter.protocol.http.sampler.HTTPHC4Impl.setupHttpEntityEnclosingRequestData(HTTPHC4Impl.java:1630) [ApacheJMeter_http.jar:5.3]
	at org.apache.jmeter.protocol.http.sampler.HTTPHC4Impl.handleMethod(HTTPHC4Impl.java:881) [ApacheJMeter_http.jar:5.3]
	at org.apache.jmeter.protocol.http.sampler.HTTPHC4Impl.sample(HTTPHC4Impl.java:636) [ApacheJMeter_http.jar:5.3]
	at org.apache.jmeter.protocol.http.sampler.HTTPSamplerProxy.sample(HTTPSamplerProxy.java:66) [ApacheJMeter_http.jar:5.3]
	at org.apache.jmeter.protocol.http.sampler.HTTPSamplerBase.sample(HTTPSamplerBase.java:1281) [ApacheJMeter_http.jar:5.3]
	at org.apache.jmeter.protocol.http.sampler.HTTPSamplerBase.sample(HTTPSamplerBase.java:1270) [ApacheJMeter_http.jar:5.3]
	at org.apache.jmeter.threads.JMeterThread.doSampling(JMeterThread.java:630) [ApacheJMeter_core.jar:5.3]
	at org.apache.jmeter.threads.JMeterThread.executeSamplePackage(JMeterThread.java:558) [ApacheJMeter_core.jar:5.3]
	at org.apache.jmeter.threads.JMeterThread.processSampler(JMeterThread.java:489) [ApacheJMeter_core.jar:5.3]
	at org.apache.jmeter.threads.JMeterThread.run(JMeterThread.java:256) [ApacheJMeter_core.jar:5.3]
	at java.lang.Thread.run(Thread.java:748) [?:1.8.0_162]
Caused by: jdk.nashorn.internal.runtime.ParserException: <eval>:2:28 Expected , but found eof
  function getRndInteger(min
                            ^
	at jdk.nashorn.internal.parser.AbstractParser.error(AbstractParser.java:294) ~[nashorn.jar:?]
	at jdk.nashorn.internal.parser.AbstractParser.error(AbstractParser.java:279) ~[nashorn.jar:?]
	at jdk.nashorn.internal.parser.AbstractParser.expectDontAdvance(AbstractParser.java:350) ~[nashorn.jar:?]
	at jdk.nashorn.internal.parser.AbstractParser.expect(AbstractParser.java:337) ~[nashorn.jar:?]
	at jdk.nashorn.internal.parser.Parser.formalParameterList(Parser.java:2829) ~[nashorn.jar:?]
	at jdk.nashorn.internal.parser.Parser.formalParameterList(Parser.java:2804) ~[nashorn.jar:?]
	at jdk.nashorn.internal.parser.Parser.functionExpression(Parser.java:2655) ~[nashorn.jar:?]
	at jdk.nashorn.internal.parser.Parser.statement(Parser.java:875) ~[nashorn.jar:?]
	at jdk.nashorn.internal.parser.Parser.sourceElements(Parser.java:773) ~[nashorn.jar:?]
	at jdk.nashorn.internal.parser.Parser.program(Parser.java:709) ~[nashorn.jar:?]
	at jdk.nashorn.internal.parser.Parser.parse(Parser.java:283) ~[nashorn.jar:?]
	at jdk.nashorn.internal.parser.Parser.parse(Parser.java:249) ~[nashorn.jar:?]
	at jdk.nashorn.internal.runtime.Context.compile(Context.java:1284) ~[nashorn.jar:?]
	at jdk.nashorn.internal.runtime.Context.compileScript(Context.java:1251) ~[nashorn.jar:?]
	at jdk.nashorn.internal.runtime.Context.compileScript(Context.java:627) ~[nashorn.jar:?]
	at jdk.nashorn.api.scripting.NashornScriptEngine.compileImpl(NashornScriptEngine.java:535) ~[nashorn.jar:?]
	... 23 more
2020-08-07 11:55:23,029 INFO o.a.j.t.JMeterThread: Thread is done: Starship Enterprise - Life Support Systems 1-1
2020-08-07 11:55:23,029 INFO o.a.j.t.JMeterThread: Thread finished: Starship Enterprise - Life Support Systems 1-1
2020-08-07 11:55:23,029 INFO o.a.j.e.StandardJMeterEngine: Notifying test listeners of end of test
2020-08-07 11:55:23,029 INFO o.a.j.g.u.JMeterMenuBar: setRunning(false, *local*)
2020-08-07 11:56:29,612 INFO o.a.j.e.StandardJMeterEngine: Running the test!
2020-08-07 11:56:29,612 INFO o.a.j.s.SampleEvent: List of sample_variables: []
2020-08-07 11:56:29,617 ERROR o.a.j.e.PreCompiler: invalid variables in node Ingest IOT data from Oxygen sensor
org.apache.jmeter.functions.InvalidVariableException: __javaScript called with wrong number of parameters. Actual: 3. Expected: >= 1 and <= 2
	at org.apache.jmeter.functions.AbstractFunction.checkParameterCount(AbstractFunction.java:93) ~[ApacheJMeter_core.jar:5.3]
	at org.apache.jmeter.functions.JavaScript.setParameters(JavaScript.java:201) ~[ApacheJMeter_functions.jar:5.3]
	at org.apache.jmeter.engine.util.FunctionParser.makeFunction(FunctionParser.java:130) ~[ApacheJMeter_core.jar:5.3]
	at org.apache.jmeter.engine.util.FunctionParser.compileString(FunctionParser.java:78) ~[ApacheJMeter_core.jar:5.3]
	at org.apache.jmeter.engine.util.CompoundVariable.setParameters(CompoundVariable.java:180) ~[ApacheJMeter_core.jar:5.3]
	at org.apache.jmeter.engine.util.ReplaceStringWithFunctions.transformValue(ReplaceStringWithFunctions.java:42) ~[ApacheJMeter_core.jar:5.3]
	at org.apache.jmeter.engine.util.ValueReplacer.replaceValues(ValueReplacer.java:169) ~[ApacheJMeter_core.jar:5.3]
	at org.apache.jmeter.engine.util.ValueReplacer.replaceValues(ValueReplacer.java:177) ~[ApacheJMeter_core.jar:5.3]
	at org.apache.jmeter.engine.util.ValueReplacer.replaceValues(ValueReplacer.java:177) ~[ApacheJMeter_core.jar:5.3]
	at org.apache.jmeter.engine.util.ValueReplacer.replaceValues(ValueReplacer.java:177) ~[ApacheJMeter_core.jar:5.3]
	at org.apache.jmeter.engine.util.ValueReplacer.replaceValues(ValueReplacer.java:79) ~[ApacheJMeter_core.jar:5.3]
	at org.apache.jmeter.engine.PreCompiler.addNode(PreCompiler.java:88) [ApacheJMeter_core.jar:5.3]
	at org.apache.jorphan.collections.HashTree.traverseInto(HashTree.java:993) [jorphan.jar:5.3]
	at org.apache.jorphan.collections.HashTree.traverseInto(HashTree.java:994) [jorphan.jar:5.3]
	at org.apache.jorphan.collections.HashTree.traverse(HashTree.java:976) [jorphan.jar:5.3]
	at org.apache.jmeter.engine.StandardJMeterEngine.run(StandardJMeterEngine.java:361) [ApacheJMeter_core.jar:5.3]
	at java.lang.Thread.run(Thread.java:748) [?:1.8.0_162]
2020-08-07 11:56:29,618 INFO o.a.j.g.u.JMeterMenuBar: setRunning(true, *local*)
2020-08-07 11:56:29,755 INFO o.a.j.e.StandardJMeterEngine: Starting ThreadGroup: 1 : Starship Enterprise - Life Support Systems
2020-08-07 11:56:29,755 INFO o.a.j.e.StandardJMeterEngine: Starting 1 threads for group Starship Enterprise - Life Support Systems.
2020-08-07 11:56:29,756 INFO o.a.j.e.StandardJMeterEngine: Thread will continue on error
2020-08-07 11:56:29,756 INFO o.a.j.t.ThreadGroup: Starting thread group... number=1 threads=1 ramp-up=1 delayedStart=false
2020-08-07 11:56:29,756 INFO o.a.j.t.ThreadGroup: Started thread group number 1
2020-08-07 11:56:29,756 INFO o.a.j.e.StandardJMeterEngine: All thread groups have been started
2020-08-07 11:56:29,757 INFO o.a.j.t.JMeterThread: Thread started: Starship Enterprise - Life Support Systems 1-1
2020-08-07 11:56:38,775 INFO o.a.j.t.JMeterThread: Thread is done: Starship Enterprise - Life Support Systems 1-1
2020-08-07 11:56:38,775 INFO o.a.j.t.JMeterThread: Thread finished: Starship Enterprise - Life Support Systems 1-1
2020-08-07 11:56:38,775 INFO o.a.j.e.StandardJMeterEngine: Notifying test listeners of end of test
2020-08-07 11:56:38,775 INFO o.a.j.g.u.JMeterMenuBar: setRunning(false, *local*)
2020-08-07 11:57:01,856 INFO o.a.j.e.StandardJMeterEngine: Running the test!
2020-08-07 11:57:01,857 INFO o.a.j.s.SampleEvent: List of sample_variables: []
2020-08-07 11:57:01,860 INFO o.a.j.g.u.JMeterMenuBar: setRunning(true, *local*)
2020-08-07 11:57:01,961 INFO o.a.j.e.StandardJMeterEngine: Starting ThreadGroup: 1 : Starship Enterprise - Life Support Systems
2020-08-07 11:57:01,961 INFO o.a.j.e.StandardJMeterEngine: Starting 1 threads for group Starship Enterprise - Life Support Systems.
2020-08-07 11:57:01,961 INFO o.a.j.e.StandardJMeterEngine: Thread will continue on error
2020-08-07 11:57:01,961 INFO o.a.j.t.ThreadGroup: Starting thread group... number=1 threads=1 ramp-up=1 delayedStart=false
2020-08-07 11:57:01,962 INFO o.a.j.t.ThreadGroup: Started thread group number 1
2020-08-07 11:57:01,962 INFO o.a.j.e.StandardJMeterEngine: All thread groups have been started
2020-08-07 11:57:01,963 INFO o.a.j.t.JMeterThread: Thread started: Starship Enterprise - Life Support Systems 1-1
2020-08-07 11:57:10,968 INFO o.a.j.t.JMeterThread: Thread is done: Starship Enterprise - Life Support Systems 1-1
2020-08-07 11:57:10,968 INFO o.a.j.t.JMeterThread: Thread finished: Starship Enterprise - Life Support Systems 1-1
2020-08-07 11:57:10,969 INFO o.a.j.e.StandardJMeterEngine: Notifying test listeners of end of test
2020-08-07 11:57:10,969 INFO o.a.j.g.u.JMeterMenuBar: setRunning(false, *local*)
2020-08-07 11:57:40,699 INFO o.a.j.e.StandardJMeterEngine: Running the test!
2020-08-07 11:57:40,700 INFO o.a.j.s.SampleEvent: List of sample_variables: []
2020-08-07 11:57:40,702 INFO o.a.j.g.u.JMeterMenuBar: setRunning(true, *local*)
2020-08-07 11:57:40,811 INFO o.a.j.e.StandardJMeterEngine: Starting ThreadGroup: 1 : Starship Enterprise - Life Support Systems
2020-08-07 11:57:40,811 INFO o.a.j.e.StandardJMeterEngine: Starting 1 threads for group Starship Enterprise - Life Support Systems.
2020-08-07 11:57:40,812 INFO o.a.j.e.StandardJMeterEngine: Thread will continue on error
2020-08-07 11:57:40,812 INFO o.a.j.t.ThreadGroup: Starting thread group... number=1 threads=1 ramp-up=1 delayedStart=false
2020-08-07 11:57:40,812 INFO o.a.j.t.ThreadGroup: Started thread group number 1
2020-08-07 11:57:40,812 INFO o.a.j.e.StandardJMeterEngine: All thread groups have been started
2020-08-07 11:57:40,814 INFO o.a.j.t.JMeterThread: Thread started: Starship Enterprise - Life Support Systems 1-1
2020-08-07 11:57:49,962 INFO o.a.j.t.JMeterThread: Thread is done: Starship Enterprise - Life Support Systems 1-1
2020-08-07 11:57:49,962 INFO o.a.j.t.JMeterThread: Thread finished: Starship Enterprise - Life Support Systems 1-1
2020-08-07 11:57:49,962 INFO o.a.j.e.StandardJMeterEngine: Notifying test listeners of end of test
2020-08-07 11:57:49,963 INFO o.a.j.g.u.JMeterMenuBar: setRunning(false, *local*)
2020-08-07 12:00:21,122 INFO o.a.j.e.StandardJMeterEngine: Running the test!
2020-08-07 12:00:21,123 INFO o.a.j.s.SampleEvent: List of sample_variables: []
2020-08-07 12:00:21,127 INFO o.a.j.g.u.JMeterMenuBar: setRunning(true, *local*)
2020-08-07 12:00:21,210 INFO o.a.j.e.StandardJMeterEngine: Starting ThreadGroup: 1 : Starship Enterprise - Life Support Systems
2020-08-07 12:00:21,210 INFO o.a.j.e.StandardJMeterEngine: Starting 1 threads for group Starship Enterprise - Life Support Systems.
2020-08-07 12:00:21,210 INFO o.a.j.e.StandardJMeterEngine: Thread will continue on error
2020-08-07 12:00:21,210 INFO o.a.j.t.ThreadGroup: Starting thread group... number=1 threads=1 ramp-up=1 delayedStart=false
2020-08-07 12:00:21,211 INFO o.a.j.t.ThreadGroup: Started thread group number 1
2020-08-07 12:00:21,211 INFO o.a.j.e.StandardJMeterEngine: All thread groups have been started
2020-08-07 12:00:21,212 INFO o.a.j.t.JMeterThread: Thread started: Starship Enterprise - Life Support Systems 1-1
2020-08-07 12:00:30,230 INFO o.a.j.t.JMeterThread: Thread is done: Starship Enterprise - Life Support Systems 1-1
2020-08-07 12:00:30,230 INFO o.a.j.t.JMeterThread: Thread finished: Starship Enterprise - Life Support Systems 1-1
2020-08-07 12:00:30,231 INFO o.a.j.e.StandardJMeterEngine: Notifying test listeners of end of test
2020-08-07 12:00:30,231 INFO o.a.j.g.u.JMeterMenuBar: setRunning(false, *local*)
2020-08-07 12:04:26,063 INFO o.a.j.e.StandardJMeterEngine: Running the test!
2020-08-07 12:04:26,064 INFO o.a.j.s.SampleEvent: List of sample_variables: []
2020-08-07 12:04:26,069 INFO o.a.j.g.u.JMeterMenuBar: setRunning(true, *local*)
2020-08-07 12:04:26,169 INFO o.a.j.e.StandardJMeterEngine: Starting ThreadGroup: 1 : Starship Enterprise - Life Support Systems
2020-08-07 12:04:26,170 INFO o.a.j.e.StandardJMeterEngine: Starting 1 threads for group Starship Enterprise - Life Support Systems.
2020-08-07 12:04:26,170 INFO o.a.j.e.StandardJMeterEngine: Thread will continue on error
2020-08-07 12:04:26,170 INFO o.a.j.t.ThreadGroup: Starting thread group... number=1 threads=1 ramp-up=1 delayedStart=false
2020-08-07 12:04:26,170 INFO o.a.j.t.ThreadGroup: Started thread group number 1
2020-08-07 12:04:26,170 INFO o.a.j.e.StandardJMeterEngine: All thread groups have been started
2020-08-07 12:04:26,171 INFO o.a.j.t.JMeterThread: Thread started: Starship Enterprise - Life Support Systems 1-1
2020-08-07 12:04:35,192 INFO o.a.j.t.JMeterThread: Thread is done: Starship Enterprise - Life Support Systems 1-1
2020-08-07 12:04:35,192 INFO o.a.j.t.JMeterThread: Thread finished: Starship Enterprise - Life Support Systems 1-1
2020-08-07 12:04:35,192 INFO o.a.j.e.StandardJMeterEngine: Notifying test listeners of end of test
2020-08-07 12:04:35,193 INFO o.a.j.g.u.JMeterMenuBar: setRunning(false, *local*)
2020-08-07 12:20:16,418 INFO o.a.j.e.StandardJMeterEngine: Running the test!
2020-08-07 12:20:16,418 INFO o.a.j.s.SampleEvent: List of sample_variables: []
2020-08-07 12:20:16,423 INFO o.a.j.g.u.JMeterMenuBar: setRunning(true, *local*)
2020-08-07 12:20:16,601 INFO o.a.j.e.StandardJMeterEngine: Starting ThreadGroup: 1 : Starship Enterprise - Life Support Systems
2020-08-07 12:20:16,602 INFO o.a.j.e.StandardJMeterEngine: Starting 1 threads for group Starship Enterprise - Life Support Systems.
2020-08-07 12:20:16,602 INFO o.a.j.e.StandardJMeterEngine: Thread will continue on error
2020-08-07 12:20:16,602 INFO o.a.j.t.ThreadGroup: Starting thread group... number=1 threads=1 ramp-up=1 delayedStart=false
2020-08-07 12:20:16,602 INFO o.a.j.t.ThreadGroup: Started thread group number 1
2020-08-07 12:20:16,603 INFO o.a.j.e.StandardJMeterEngine: All thread groups have been started
2020-08-07 12:20:16,604 INFO o.a.j.t.JMeterThread: Thread started: Starship Enterprise - Life Support Systems 1-1
2020-08-07 12:20:25,625 INFO o.a.j.t.JMeterThread: Thread is done: Starship Enterprise - Life Support Systems 1-1
2020-08-07 12:20:25,625 INFO o.a.j.t.JMeterThread: Thread finished: Starship Enterprise - Life Support Systems 1-1
2020-08-07 12:20:25,625 INFO o.a.j.e.StandardJMeterEngine: Notifying test listeners of end of test
2020-08-07 12:20:25,626 INFO o.a.j.g.u.JMeterMenuBar: setRunning(false, *local*)
2020-08-07 12:21:01,544 INFO o.a.j.e.StandardJMeterEngine: Running the test!
2020-08-07 12:21:01,545 INFO o.a.j.s.SampleEvent: List of sample_variables: []
2020-08-07 12:21:01,548 INFO o.a.j.g.u.JMeterMenuBar: setRunning(true, *local*)
2020-08-07 12:21:01,703 INFO o.a.j.e.StandardJMeterEngine: Starting ThreadGroup: 1 : Starship Enterprise - Life Support Systems
2020-08-07 12:21:01,703 INFO o.a.j.e.StandardJMeterEngine: Starting 1 threads for group Starship Enterprise - Life Support Systems.
2020-08-07 12:21:01,703 INFO o.a.j.e.StandardJMeterEngine: Thread will continue on error
2020-08-07 12:21:01,703 INFO o.a.j.t.ThreadGroup: Starting thread group... number=1 threads=1 ramp-up=1 delayedStart=false
2020-08-07 12:21:01,704 INFO o.a.j.t.ThreadGroup: Started thread group number 1
2020-08-07 12:21:01,704 INFO o.a.j.e.StandardJMeterEngine: All thread groups have been started
2020-08-07 12:21:01,706 INFO o.a.j.t.JMeterThread: Thread started: Starship Enterprise - Life Support Systems 1-1
2020-08-07 12:21:10,726 INFO o.a.j.t.JMeterThread: Thread is done: Starship Enterprise - Life Support Systems 1-1
2020-08-07 12:21:10,726 INFO o.a.j.t.JMeterThread: Thread finished: Starship Enterprise - Life Support Systems 1-1
2020-08-07 12:21:10,726 INFO o.a.j.e.StandardJMeterEngine: Notifying test listeners of end of test
2020-08-07 12:21:10,726 INFO o.a.j.g.u.JMeterMenuBar: setRunning(false, *local*)
2020-08-07 12:23:48,277 INFO o.a.j.e.StandardJMeterEngine: Running the test!
2020-08-07 12:23:48,277 INFO o.a.j.s.SampleEvent: List of sample_variables: []
2020-08-07 12:23:48,281 INFO o.a.j.g.u.JMeterMenuBar: setRunning(true, *local*)
2020-08-07 12:23:48,422 INFO o.a.j.e.StandardJMeterEngine: Starting ThreadGroup: 1 : Starship Enterprise - Life Support Systems
2020-08-07 12:23:48,423 INFO o.a.j.e.StandardJMeterEngine: Starting 1 threads for group Starship Enterprise - Life Support Systems.
2020-08-07 12:23:48,423 INFO o.a.j.e.StandardJMeterEngine: Thread will continue on error
2020-08-07 12:23:48,423 INFO o.a.j.t.ThreadGroup: Starting thread group... number=1 threads=1 ramp-up=1 delayedStart=false
2020-08-07 12:23:48,424 INFO o.a.j.t.ThreadGroup: Started thread group number 1
2020-08-07 12:23:48,424 INFO o.a.j.e.StandardJMeterEngine: All thread groups have been started
2020-08-07 12:23:48,425 INFO o.a.j.t.JMeterThread: Thread started: Starship Enterprise - Life Support Systems 1-1
2020-08-07 12:24:47,560 INFO o.a.j.t.JMeterThread: Thread finished: Starship Enterprise - Life Support Systems 1-1
2020-08-07 12:24:47,561 INFO o.a.j.e.StandardJMeterEngine: Notifying test listeners of end of test
2020-08-07 12:24:47,561 INFO o.a.j.g.u.JMeterMenuBar: setRunning(false, *local*)
2020-08-07 13:20:16,282 INFO o.a.j.e.StandardJMeterEngine: Running the test!
2020-08-07 13:20:16,284 INFO o.a.j.s.SampleEvent: List of sample_variables: []
2020-08-07 13:20:16,288 INFO o.a.j.g.u.JMeterMenuBar: setRunning(true, *local*)
2020-08-07 13:20:16,485 INFO o.a.j.e.StandardJMeterEngine: Starting ThreadGroup: 1 : Starship Enterprise - Life Support Systems
2020-08-07 13:20:16,485 INFO o.a.j.e.StandardJMeterEngine: Starting 1 threads for group Starship Enterprise - Life Support Systems.
2020-08-07 13:20:16,485 INFO o.a.j.e.StandardJMeterEngine: Thread will continue on error
2020-08-07 13:20:16,485 INFO o.a.j.t.ThreadGroup: Starting thread group... number=1 threads=1 ramp-up=1 delayedStart=false
2020-08-07 13:20:16,486 INFO o.a.j.t.ThreadGroup: Started thread group number 1
2020-08-07 13:20:16,486 INFO o.a.j.e.StandardJMeterEngine: All thread groups have been started
2020-08-07 13:20:16,487 INFO o.a.j.t.JMeterThread: Thread started: Starship Enterprise - Life Support Systems 1-1
2020-08-07 13:20:34,159 INFO o.a.j.g.a.Start: Stopping test
2020-08-07 13:20:34,178 INFO o.a.j.t.JMeterThread: Stopping: Starship Enterprise - Life Support Systems 1-1
2020-08-07 13:20:34,178 WARN o.a.j.t.JMeterThread: The delay timer was interrupted - probably did not wait as long as intended.
2020-08-07 13:20:34,178 INFO o.a.j.t.JMeterThread: Thread finished: Starship Enterprise - Life Support Systems 1-1
2020-08-07 13:20:34,179 INFO o.a.j.e.StandardJMeterEngine: Notifying test listeners of end of test
2020-08-07 13:20:34,179 INFO o.a.j.g.u.JMeterMenuBar: setRunning(false, *local*)
2020-08-07 13:20:54,486 INFO o.a.j.e.StandardJMeterEngine: Running the test!
2020-08-07 13:20:54,487 INFO o.a.j.s.SampleEvent: List of sample_variables: []
2020-08-07 13:20:54,491 INFO o.a.j.g.u.JMeterMenuBar: setRunning(true, *local*)
2020-08-07 13:20:54,624 INFO o.a.j.e.StandardJMeterEngine: Starting ThreadGroup: 1 : Starship Enterprise - Life Support Systems
2020-08-07 13:20:54,624 INFO o.a.j.e.StandardJMeterEngine: Starting 1 threads for group Starship Enterprise - Life Support Systems.
2020-08-07 13:20:54,624 INFO o.a.j.e.StandardJMeterEngine: Thread will continue on error
2020-08-07 13:20:54,624 INFO o.a.j.t.ThreadGroup: Starting thread group... number=1 threads=1 ramp-up=1 delayedStart=false
2020-08-07 13:20:54,625 INFO o.a.j.t.ThreadGroup: Started thread group number 1
2020-08-07 13:20:54,625 INFO o.a.j.e.StandardJMeterEngine: All thread groups have been started
2020-08-07 13:20:54,626 INFO o.a.j.t.JMeterThread: Thread started: Starship Enterprise - Life Support Systems 1-1
2020-08-07 13:21:53,723 INFO o.a.j.t.JMeterThread: Thread finished: Starship Enterprise - Life Support Systems 1-1
2020-08-07 13:21:53,724 INFO o.a.j.e.StandardJMeterEngine: Notifying test listeners of end of test
2020-08-07 13:21:53,724 INFO o.a.j.g.u.JMeterMenuBar: setRunning(false, *local*)
2020-08-07 13:26:24,777 INFO o.a.j.e.StandardJMeterEngine: Running the test!
2020-08-07 13:26:24,778 INFO o.a.j.s.SampleEvent: List of sample_variables: []
2020-08-07 13:26:24,781 INFO o.a.j.g.u.JMeterMenuBar: setRunning(true, *local*)
2020-08-07 13:26:24,883 INFO o.a.j.e.StandardJMeterEngine: Starting ThreadGroup: 1 : Starship Enterprise - Life Support Systems
2020-08-07 13:26:24,883 INFO o.a.j.e.StandardJMeterEngine: Starting 1 threads for group Starship Enterprise - Life Support Systems.
2020-08-07 13:26:24,883 INFO o.a.j.e.StandardJMeterEngine: Thread will continue on error
2020-08-07 13:26:24,883 INFO o.a.j.t.ThreadGroup: Starting thread group... number=1 threads=1 ramp-up=1 delayedStart=false
2020-08-07 13:26:24,884 INFO o.a.j.t.ThreadGroup: Started thread group number 1
2020-08-07 13:26:24,884 INFO o.a.j.e.StandardJMeterEngine: All thread groups have been started
2020-08-07 13:26:24,885 INFO o.a.j.t.JMeterThread: Thread started: Starship Enterprise - Life Support Systems 1-1
2020-08-07 13:27:17,870 INFO o.a.j.g.a.Start: Stopping test
2020-08-07 13:27:17,886 INFO o.a.j.t.JMeterThread: Stopping: Starship Enterprise - Life Support Systems 1-1
2020-08-07 13:27:17,886 WARN o.a.j.t.JMeterThread: The delay timer was interrupted - probably did not wait as long as intended.
2020-08-07 13:27:17,887 INFO o.a.j.t.JMeterThread: Thread finished: Starship Enterprise - Life Support Systems 1-1
2020-08-07 13:27:17,887 INFO o.a.j.e.StandardJMeterEngine: Notifying test listeners of end of test
2020-08-07 13:27:17,887 INFO o.a.j.g.u.JMeterMenuBar: setRunning(false, *local*)
